<?xml version="1.0" encoding="UTF-8"?>
<testng-results ignored="0" total="2" passed="2" failed="0" skipped="0">
  <reporter-output>
  </reporter-output>
  <suite started-at="2022-01-31T22:42:39 EST" name="InetbankingV1" finished-at="2022-01-31T22:42:54 EST" duration-ms="14534">
    <groups>
    </groups>
    <test started-at="2022-01-31T22:42:39 EST" name="BankingApp Test" finished-at="2022-01-31T22:42:53 EST" duration-ms="13569">
      <class name="com.inetBanking.testCases.TC_AddCustomer_003">
        <test-method is-config="true" signature="setUp(java.lang.String)[pri:0, instance:com.inetBanking.testCases.TC_AddCustomer_003@53941c2f]" started-at="2022-01-31T22:42:39 EST" name="setUp" finished-at="2022-01-31T22:42:44 EST" duration-ms="4607" status="PASS">
          <params>
            <param index="0">
              <value>
                <![CDATA[chrome]]>
              </value>
            </param>
          </params>
          <reporter-output>
          </reporter-output>
        </test-method> <!-- setUp -->
        <test-method signature="addCustomer()[pri:0, instance:com.inetBanking.testCases.TC_AddCustomer_003@53941c2f]" started-at="2022-01-31T22:42:44 EST" name="addCustomer" finished-at="2022-01-31T22:42:53 EST" duration-ms="8914" status="PASS">
          <reporter-output>
          </reporter-output>
        </test-method> <!-- addCustomer -->
      </class> <!-- com.inetBanking.testCases.TC_AddCustomer_003 -->
    </test> <!-- BankingApp Test -->
    <test started-at="2022-01-31T22:42:54 EST" name="kuchbhi Test" finished-at="2022-01-31T22:42:54 EST" duration-ms="11">
      <class name="com.inetBanking.testCases.random">
        <test-method signature="nothimg()[pri:0, instance:com.inetBanking.testCases.random@4ce1d6d0]" started-at="2022-01-31T22:42:54 EST" name="nothimg" finished-at="2022-01-31T22:42:54 EST" duration-ms="3" status="PASS">
          <reporter-output>
          </reporter-output>
        </test-method> <!-- nothimg -->
      </class> <!-- com.inetBanking.testCases.random -->
    </test> <!-- kuchbhi Test -->
  </suite> <!-- InetbankingV1 -->
</testng-results>
